2021-08-26 16:53:43:5343 [31merror[39m: [31mUuid is not found 701abfc4-81cd-11eb-910a-0ea7622c23f3[39m
2021-08-26 17:15:26:1526 [31merror[39m: [31mUuid is not found 701abfc4-81cd-11eb-910a-0ea7622c23f3[39m
2021-08-26 17:15:39:1539 [31merror[39m: [31mChannel not found: c433b6b1-482f-4fc2-bed9-ac800ef76111[39m
2021-08-26 17:16:08:168 [31merror[39m: [31mChannel not found: c433b6b1-482f-4fc2-bed9-ac800ef76a11[39m
2021-08-26 17:16:21:1621 [31merror[39m: [31mChannelType is not found: 1d3cec27-4a2c-4023-90f9-a2e60c11f7f9[39m
2021-08-27 16:38:24:3824 [31merror[39m: [31mChannel not found 701abfc4-81cd-11eb-910a-0ea7622c23f3[39m
2021-08-27 16:44:01:441 [31merror[39m: [31mChannel not found 27598443-7473-40d2-a6d3-bd3d4346b62a[39m
2021-08-27 16:44:10:4410 [31merror[39m: [31mChannel not found 27598443-7473-40d2-a6d3-bd3d4346b62a[39m
2021-08-30 13:43:58:4358 [31merror[39m: [31mChannel not found: 01c33866-fd21-4f90-9b31-a467fc2e6636[39m
2021-08-30 19:37:01:371 [31merror[39m: [31mChannel not found 27598443-7473-40d2-a6d3-bd3d4346762a[39m
2021-08-30 19:38:14:3814 [31merror[39m: [31mChannel not found: 01c33866-fd21-4f90-9b31-a467fc2e6636[39m
2021-08-30 19:39:56:3956 [31merror[39m: [31mChannel not found 27598443-7473-40d2-a6d3-bd3d4346b62a[39m
2021-08-31 10:42:55:4255 [31merror[39m: [31mChannel not found: 01c33866-fd21-4f90-9b31-a467fc2e6636[39m
2021-08-31 10:43:13:4313 [31merror[39m: [31mChannel not found: 01c33866-fd21-4f90-9b31-a467fc2e3626[39m
2021-08-31 10:44:51:4451 [31merror[39m: [31mChannel not found: 01c33866-fd21-4f90-9b31-a467fc2e6636[39m
2021-08-31 10:48:47:4847 [31merror[39m: [31mChannel not found: 01c33866-fd21-4f90-9b31-a467fc2e6636[39m
2021-08-31 10:56:30:5630 [31merror[39m: [31mChannel not found: [object Object][39m
2021-08-31 11:02:30:230 [31merror[39m: [31mChannel not found: 01c33866-fd21-4f90-9b31-a467fc2e6636[39m
2021-08-31 11:03:50:350 [31merror[39m: [31mChannel not found: 01c33866-fd21-4f90-9b31-a467fc2e6636[39m
2021-08-31 11:46:46:4646 [31merror[39m: [31merror[39m
2021-08-31 11:48:19:4819 [31merror[39m: [31merror connecting to server.[39m
2021-08-31 11:56:46:5646 [31merror[39m: [31merror connecting to server.[39m
2021-08-31 11:56:47:5647 [31merror[39m: [31merror connecting to server.[39m
2021-08-31 11:57:43:5743 [31merror[39m: [31merror connecting to server.[39m
2021-08-31 11:59:05:595 [31merror[39m: [31merror connecting to server.[39m
2021-08-31 12:02:49:249 [31merror[39m: [31merror connecting to server.[39m
2021-08-31 12:02:50:250 [31merror[39m: [31merror connecting to server.[39m
2021-08-31 12:03:37:337 [31merror[39m: [31merror connecting to server.[39m
2021-08-31 12:03:40:340 [31merror[39m: [31merror connecting to server.[39m
2021-08-31 12:03:50:350 [31merror[39m: [31merror connecting to server.[39m
2021-08-31 12:03:50:350 [31merror[39m: [31merror connecting to server.[39m
2021-08-31 12:03:53:353 [31merror[39m: [31merror connecting to server.[39m
2021-08-31 12:04:31:431 [31merror[39m: [31merror connecting to server.[39m
2021-08-31 12:04:32:432 [31merror[39m: [31merror connecting to server.[39m
2021-08-31 12:04:33:433 [31merror[39m: [31merror connecting to server.[39m
2021-08-31 12:59:33:5933 [31merror[39m: [31merror connecting to server.[39m
2021-08-31 13:01:56:156 [31merror[39m: [31merror connecting to server.[39m
2021-08-31 13:02:11:211 [31merror[39m: [31merror connecting to server.[39m
2021-08-31 13:02:30:230 [31merror[39m: [31merror connecting to server.[39m
2021-08-31 13:03:12:312 [31merror[39m: [31merror connecting to server.[39m
2021-08-31 13:03:18:318 [31merror[39m: [31merror connecting to server.[39m
2021-08-31 13:04:31:431 [31merror[39m: [31merror connecting to server: EntityMetadataNotFoundError: No metadata for "ChannelType" was found.[39m
2021-08-31 13:04:47:447 [31merror[39m: [31merror connecting to server[39m
2021-09-01 09:02:04:24 [31merror[39m: [31merror connecting to server.[39m
2021-09-01 09:02:59:259 [31merror[39m: [31merror connecting to server.[39m
2021-09-01 09:03:13:313 [31merror[39m: [31merror connecting to server.[39m
2021-09-01 09:11:49:1149 [31merror[39m: [31merror connecting to server.[39m
2021-09-01 09:12:09:129 [31merror[39m: [31merror connecting to server.[39m
2021-09-01 09:12:26:1226 [31merror[39m: [31merror connecting to server.[39m
2021-09-01 09:18:21:1821 [31merror[39m: [31mInternal server error[39m
2021-09-01 09:48:27:4827 [31merror[39m: [31mInternal server error[39m
2021-09-01 09:49:39:4939 [31merror[39m: [31mInternal server error[39m
2021-09-01 09:49:42:4942 [31merror[39m: [31mInternal server error[39m
2021-09-01 09:50:07:507 [31merror[39m: [31mChannel not found c2f942f3-76ac-4c2b-ad0c-641b20f8bbc3[39m
2021-09-01 09:50:07:507 [31merror[39m: [31mProduct not found[39m
2021-09-01 09:53:20:5320 [31merror[39m: [31mChannel not found c2f942f3-76ac-4c2b-ad0c-641b20f8bbc3[39m
2021-09-01 09:53:20:5320 [31merror[39m: [31mProduct not found[39m
2021-09-01 09:54:42:5442 [31merror[39m: [31mChannel not found c2f942f3-76ac-4c2b-ad0c-641b20f8bbc3[39m
2021-09-01 09:54:42:5442 [31merror[39m: [31mProduct not found[39m
2021-09-01 09:55:53:5553 [31merror[39m: [31mChannel not found c2f942f3-76ac-4c2b-ad0c-641b20f8bbc3[39m
2021-09-01 09:55:53:5553 [31merror[39m: [31mInternal server error[39m
2021-09-01 09:56:04:564 [31merror[39m: [31mChannel not found c2f942f3-76ac-4c2b-ad0c-641b20f8bbc3[39m
2021-09-01 09:56:04:564 [31merror[39m: [31mInternal server error[39m
2021-09-01 09:56:40:5640 [31merror[39m: [31mChannel not found c2f942f3-76ac-4c2b-ad0c-641b20f8bbc3[39m
2021-09-01 09:56:40:5640 [31merror[39m: [31mInternal server error[39m
2021-09-01 09:57:07:577 [31merror[39m: [31mChannel not found c2f942f3-76ac-4c2b-ad0c-641b20f8bbc3[39m
2021-09-01 09:57:07:577 [31merror[39m: [31mProduct not found[39m
2021-09-01 09:57:31:5731 [31merror[39m: [31mChannel not found c2f942f3-76ac-4c2b-ad0c-641b20f8bbc3[39m
2021-09-01 09:57:39:5739 [31merror[39m: [31mChannel not found c2f942f3-76ac-4c2b-ad0c-641b20f8bbc3[39m
2021-09-01 09:57:50:5750 [31merror[39m: [31mChannel not found c2f942f3-76ac-4c2b-ad0c-641b20f8bbc3[39m
2021-09-01 09:58:18:5818 [31merror[39m: [31mChannel not found c2f942f3-76ac-4c2b-ad0c-641b20f8bbc3[39m
2021-09-01 09:58:18:5818 [31merror[39m: [31mInternal server error[39m
2021-09-01 09:59:55:5955 [31merror[39m: [31mChannel not found c2f942f3-76ac-4c2b-ad0c-641b20f8bbc3[39m
2021-09-01 09:59:55:5955 [31merror[39m: [31mProduct not found[39m
2021-09-01 10:15:50:1550 [31merror[39m: [31mChannel c2f942f3-76ac-4c2b-ad0c-641b20f8bbc3 not found[39m
2021-09-01 10:16:13:1613 [31merror[39m: [31mChannel c2f942f3-76ac-4c2b-ad0c-641b20f8bbc3 not found[39m
2021-09-01 10:16:39:1639 [31merror[39m: [31mInternal server error[39m
2021-09-01 10:16:45:1645 [31merror[39m: [31mChannel c2f942f3-76ac-4c2b-ad0c-641b20f8bbc3 not found[39m
2021-09-01 10:18:23:1823 [31merror[39m: [31mChannel not found: c2f942f3-76ac-4c2b-ad0c-641b20f8bbc4[39m
2021-09-01 10:18:23:1823 [31merror[39m: [31mchannel not found[39m
2021-09-01 10:20:06:206 [31merror[39m: [31mchannel c2f942f3-76ac-4c2b-ad0c-641b20f8bbc4 not found[39m
2021-09-01 10:21:10:2110 [31merror[39m: [31mChannelType is not found: 1d3cec27-4a2c-4023-90f9-a2e60c46f7f0[39m
2021-09-01 10:21:10:2110 [31merror[39m: [31mThere is already one channelType with this Uuid[39m
2021-09-01 10:22:08:228 [31merror[39m: [31mChannelType is not found: 1d3cec27-4a2c-4023-90f9-a2e60c46f729[39m
2021-09-01 10:22:08:228 [31merror[39m: [31mThere is already one channelType with this Uuid[39m
2021-09-01 10:24:07:247 [31merror[39m: [31mInternal server error[39m
2021-09-01 10:24:47:2447 [31merror[39m: [31mChannelType does not exist: 1d3cec27-4a2c-4023-90f9-a2e60c46f729[39m
2021-09-01 10:25:40:2540 [31merror[39m: [31mChannel not found: c2f942f3-76ac-4c2b-ad0c-641b20f8bb33[39m
2021-09-01 10:32:14:3214 [31merror[39m: [31mChannelType not found: 1d3cec27-4a2c-4023-90f9-a2e60c46f729[39m
